LINK : warning LNK4098: la biblioteca predeterminada'MSVCRTD' entra en conflicto con otras bibliotecas; use la biblioteca /NODEFAULTLIB:biblioteca
  Generando código
  All 17 functions were compiled because no usable IPDB/IOBJ from previous compilation was found.
  Generación de código finalizada
raylib.lib(core.obj) : warning LNK4099: no se encontró PDB 'raylib.pdb' con 'raylib.lib(core.obj)' o en 'C:\Users\Administrador\Desktop\Desarrollo-1-Asteroids\Asteroids\Release\raylib.pdb'; se vinculará el objeto sin tener en cuenta información de depuración
raylib.lib(shapes.obj) : warning LNK4099: no se encontró PDB 'raylib.pdb' con 'raylib.lib(shapes.obj)' o en 'C:\Users\Administrador\Desktop\Desarrollo-1-Asteroids\Asteroids\Release\raylib.pdb'; se vinculará el objeto sin tener en cuenta información de depuración
raylib.lib(text.obj) : warning LNK4099: no se encontró PDB 'raylib.pdb' con 'raylib.lib(text.obj)' o en 'C:\Users\Administrador\Desktop\Desarrollo-1-Asteroids\Asteroids\Release\raylib.pdb'; se vinculará el objeto sin tener en cuenta información de depuración
raylib.lib(textures.obj) : warning LNK4099: no se encontró PDB 'raylib.pdb' con 'raylib.lib(textures.obj)' o en 'C:\Users\Administrador\Desktop\Desarrollo-1-Asteroids\Asteroids\Release\raylib.pdb'; se vinculará el objeto sin tener en cuenta información de depuración
raylib.lib(utils.obj) : warning LNK4099: no se encontró PDB 'raylib.pdb' con 'raylib.lib(utils.obj)' o en 'C:\Users\Administrador\Desktop\Desarrollo-1-Asteroids\Asteroids\Release\raylib.pdb'; se vinculará el objeto sin tener en cuenta información de depuración
raylib.lib(context.obj) : warning LNK4099: no se encontró PDB 'glfw_objlib.pdb' con 'raylib.lib(context.obj)' o en 'C:\Users\Administrador\Desktop\Desarrollo-1-Asteroids\Asteroids\Release\glfw_objlib.pdb'; se vinculará el objeto sin tener en cuenta información de depuración
raylib.lib(init.obj) : warning LNK4099: no se encontró PDB 'glfw_objlib.pdb' con 'raylib.lib(init.obj)' o en 'C:\Users\Administrador\Desktop\Desarrollo-1-Asteroids\Asteroids\Release\glfw_objlib.pdb'; se vinculará el objeto sin tener en cuenta información de depuración
raylib.lib(input.obj) : warning LNK4099: no se encontró PDB 'glfw_objlib.pdb' con 'raylib.lib(input.obj)' o en 'C:\Users\Administrador\Desktop\Desarrollo-1-Asteroids\Asteroids\Release\glfw_objlib.pdb'; se vinculará el objeto sin tener en cuenta información de depuración
raylib.lib(monitor.obj) : warning LNK4099: no se encontró PDB 'glfw_objlib.pdb' con 'raylib.lib(monitor.obj)' o en 'C:\Users\Administrador\Desktop\Desarrollo-1-Asteroids\Asteroids\Release\glfw_objlib.pdb'; se vinculará el objeto sin tener en cuenta información de depuración
raylib.lib(vulkan.obj) : warning LNK4099: no se encontró PDB 'glfw_objlib.pdb' con 'raylib.lib(vulkan.obj)' o en 'C:\Users\Administrador\Desktop\Desarrollo-1-Asteroids\Asteroids\Release\glfw_objlib.pdb'; se vinculará el objeto sin tener en cuenta información de depuración
raylib.lib(window.obj) : warning LNK4099: no se encontró PDB 'glfw_objlib.pdb' con 'raylib.lib(window.obj)' o en 'C:\Users\Administrador\Desktop\Desarrollo-1-Asteroids\Asteroids\Release\glfw_objlib.pdb'; se vinculará el objeto sin tener en cuenta información de depuración
raylib.lib(win32_init.obj) : warning LNK4099: no se encontró PDB 'glfw_objlib.pdb' con 'raylib.lib(win32_init.obj)' o en 'C:\Users\Administrador\Desktop\Desarrollo-1-Asteroids\Asteroids\Release\glfw_objlib.pdb'; se vinculará el objeto sin tener en cuenta información de depuración
raylib.lib(win32_joystick.obj) : warning LNK4099: no se encontró PDB 'glfw_objlib.pdb' con 'raylib.lib(win32_joystick.obj)' o en 'C:\Users\Administrador\Desktop\Desarrollo-1-Asteroids\Asteroids\Release\glfw_objlib.pdb'; se vinculará el objeto sin tener en cuenta información de depuración
raylib.lib(win32_monitor.obj) : warning LNK4099: no se encontró PDB 'glfw_objlib.pdb' con 'raylib.lib(win32_monitor.obj)' o en 'C:\Users\Administrador\Desktop\Desarrollo-1-Asteroids\Asteroids\Release\glfw_objlib.pdb'; se vinculará el objeto sin tener en cuenta información de depuración
raylib.lib(win32_time.obj) : warning LNK4099: no se encontró PDB 'glfw_objlib.pdb' con 'raylib.lib(win32_time.obj)' o en 'C:\Users\Administrador\Desktop\Desarrollo-1-Asteroids\Asteroids\Release\glfw_objlib.pdb'; se vinculará el objeto sin tener en cuenta información de depuración
raylib.lib(win32_thread.obj) : warning LNK4099: no se encontró PDB 'glfw_objlib.pdb' con 'raylib.lib(win32_thread.obj)' o en 'C:\Users\Administrador\Desktop\Desarrollo-1-Asteroids\Asteroids\Release\glfw_objlib.pdb'; se vinculará el objeto sin tener en cuenta información de depuración
raylib.lib(win32_window.obj) : warning LNK4099: no se encontró PDB 'glfw_objlib.pdb' con 'raylib.lib(win32_window.obj)' o en 'C:\Users\Administrador\Desktop\Desarrollo-1-Asteroids\Asteroids\Release\glfw_objlib.pdb'; se vinculará el objeto sin tener en cuenta información de depuración
raylib.lib(wgl_context.obj) : warning LNK4099: no se encontró PDB 'glfw_objlib.pdb' con 'raylib.lib(wgl_context.obj)' o en 'C:\Users\Administrador\Desktop\Desarrollo-1-Asteroids\Asteroids\Release\glfw_objlib.pdb'; se vinculará el objeto sin tener en cuenta información de depuración
raylib.lib(egl_context.obj) : warning LNK4099: no se encontró PDB 'glfw_objlib.pdb' con 'raylib.lib(egl_context.obj)' o en 'C:\Users\Administrador\Desktop\Desarrollo-1-Asteroids\Asteroids\Release\glfw_objlib.pdb'; se vinculará el objeto sin tener en cuenta información de depuración
raylib.lib(osmesa_context.obj) : warning LNK4099: no se encontró PDB 'glfw_objlib.pdb' con 'raylib.lib(osmesa_context.obj)' o en 'C:\Users\Administrador\Desktop\Desarrollo-1-Asteroids\Asteroids\Release\glfw_objlib.pdb'; se vinculará el objeto sin tener en cuenta información de depuración
  Asteroids.vcxproj -> C:\Users\Administrador\Desktop\Desarrollo-1-Asteroids\Asteroids\Release\Asteroids.exe
  Asteroids.vcxproj -> C:\Users\Administrador\Desktop\Desarrollo-1-Asteroids\Asteroids\Release\Asteroids.pdb (Full PDB)
  C:\Users\Administrador\Desktop\Desarrollo-1-Asteroids\Asteroids\res\Ship.jpg
  1 archivo(s) copiado(s)
